d:\unitywork\client\lib\recast\recast\recast\x64\release\vc142.pdb
d:\unitywork\client\lib\recast\recast\recast\x64\release\recastdll.obj
d:\unitywork\client\lib\recast\recast\recast\x64\release\detournode.obj
d:\unitywork\client\lib\recast\recast\recast\x64\release\detournavmeshquery.obj
d:\unitywork\client\lib\recast\recast\recast\x64\release\detournavmeshbuilder.obj
d:\unitywork\client\lib\recast\recast\recast\x64\release\detournavmesh.obj
d:\unitywork\client\lib\recast\recast\recast\x64\release\detourcommon.obj
d:\unitywork\client\lib\recast\recast\recast\x64\release\detourassert.obj
d:\unitywork\client\lib\recast\recast\recast\x64\release\detouralloc.obj
d:\unitywork\client\lib\recast\recast\recast\x64\release\crecasthelper.obj
d:\unitywork\client\lib\recast\recast\x64\release\recast.dll
d:\unitywork\client\lib\recast\recast\recast\x64\release\recast.ipdb
d:\unitywork\client\lib\recast\recast\recast\x64\release\recast.iobj
d:\unitywork\client\lib\recast\recast\x64\release\recast.pdb
d:\unitywork\client\lib\recast\recast\x64\release\recast.lib
d:\unitywork\client\lib\recast\recast\x64\release\recast.exp
d:\unitywork\client\lib\recast\recast\recast\x64\release\recast.tlog\cl.command.1.tlog
d:\unitywork\client\lib\recast\recast\recast\x64\release\recast.tlog\cl.read.1.tlog
d:\unitywork\client\lib\recast\recast\recast\x64\release\recast.tlog\cl.write.1.tlog
d:\unitywork\client\lib\recast\recast\recast\x64\release\recast.tlog\link.command.1.tlog
d:\unitywork\client\lib\recast\recast\recast\x64\release\recast.tlog\link.read.1.tlog
d:\unitywork\client\lib\recast\recast\recast\x64\release\recast.tlog\link.write.1.tlog
d:\unitywork\client\lib\recast\recast\recast\x64\release\recast.tlog\recast.write.1u.tlog
