d:\unitywork\client\lib\recast\recast\recast\debug\vc142.pdb
d:\unitywork\client\lib\recast\recast\recast\debug\vc142.idb
d:\unitywork\client\lib\recast\recast\recast\debug\recastdll.obj
d:\unitywork\client\lib\recast\recast\recast\debug\detournode.obj
d:\unitywork\client\lib\recast\recast\recast\debug\detournavmeshquery.obj
d:\unitywork\client\lib\recast\recast\recast\debug\detournavmeshbuilder.obj
d:\unitywork\client\lib\recast\recast\recast\debug\detournavmesh.obj
d:\unitywork\client\lib\recast\recast\recast\debug\detourcommon.obj
d:\unitywork\client\lib\recast\recast\recast\debug\detourassert.obj
d:\unitywork\client\lib\recast\recast\recast\debug\detouralloc.obj
d:\unitywork\client\lib\recast\recast\recast\debug\crecasthelper.obj
d:\unitywork\client\lib\recast\recast\debug\recast.ilk
d:\unitywork\client\lib\recast\recast\debug\recast.dll
d:\unitywork\client\lib\recast\recast\debug\recast.pdb
d:\unitywork\client\lib\recast\recast\debug\recast.lib
d:\unitywork\client\lib\recast\recast\debug\recast.exp
d:\unitywork\client\lib\recast\recast\recast\debug\recast.tlog\cl.command.1.tlog
d:\unitywork\client\lib\recast\recast\recast\debug\recast.tlog\cl.read.1.tlog
d:\unitywork\client\lib\recast\recast\recast\debug\recast.tlog\cl.write.1.tlog
d:\unitywork\client\lib\recast\recast\recast\debug\recast.tlog\link.command.1.tlog
d:\unitywork\client\lib\recast\recast\recast\debug\recast.tlog\link.read.1.tlog
d:\unitywork\client\lib\recast\recast\recast\debug\recast.tlog\link.write.1.tlog
d:\unitywork\client\lib\recast\recast\recast\debug\recast.tlog\recast.write.1u.tlog
